<?xml version="1.0" encoding="UTF-8"?>
<!-- Generated by org.testng.reporters.JUnitReportReporter -->
<testsuite hostname="LAPTOP-3229N5OU" failures="0" tests="2" name="testng.Parallel3" time="5.436" errors="0" timestamp="2022-03-31T11:14:09 IST" skipped="0">
  <testcase classname="testng.Parallel3" name="runChrome3" time="2.718"/>
  <system-out/>
  <testcase classname="testng.Parallel3" name="runChrome3" time="2.718"/>
  <system-out/>
</testsuite> <!-- testng.Parallel3 -->
