<?xml version="1.0" encoding="UTF-8"?>
<!-- Generated by org.testng.reporters.JUnitReportReporter -->
<testsuite hostname="LAPTOP-3229N5OU" failures="0" tests="1" name="testng.readingDataFromXML" time="0.011" errors="0" timestamp="2022-03-31T10:25:08 IST" skipped="0">
  <testcase classname="testng.readingDataFromXML" name="readData" time="0.011"/>
  <system-out>
    <![CDATA[FireFox]]>
  </system-out>
</testsuite> <!-- testng.readingDataFromXML -->
