<?xml version="1.0" encoding="UTF-8"?>
<!-- Generated by org.testng.reporters.JUnitReportReporter -->
<testsuite hostname="LAPTOP-3229N5OU" failures="0" tests="3" name="testng.ParallelMethods" time="7.810" errors="0" timestamp="2022-03-31T10:57:39 IST" skipped="0">
  <testcase classname="testng.ParallelMethods" name="runChrome3" time="2.609"/>
  <system-out/>
  <testcase classname="testng.ParallelMethods" name="runChrome2" time="2.601"/>
  <system-out/>
  <testcase classname="testng.ParallelMethods" name="runChrome1" time="2.600"/>
  <system-out/>
</testsuite> <!-- testng.ParallelMethods -->
