<?xml version="1.0" encoding="UTF-8"?>
<!-- Generated by org.testng.reporters.JUnitReportReporter -->
<testsuite hostname="LAPTOP-3229N5OU" failures="0" tests="1" name="testng.Parallel2" time="2.718" errors="0" timestamp="2022-03-31T11:14:09 IST" skipped="0">
  <testcase classname="testng.Parallel2" name="runChrome1" time="2.718"/>
  <system-out/>
</testsuite> <!-- testng.Parallel2 -->
