<?xml version="1.0" encoding="UTF-8"?>
<!-- Generated by org.testng.reporters.JUnitReportReporter -->
<testsuite hostname="LAPTOP-3229N5OU" failures="0" tests="2" name="testng.DatadrivenConceptofTestNg" time="0.004" errors="0" timestamp="2022-03-30T17:17:14 IST" skipped="0">
  <testcase classname="testng.DatadrivenConceptofTestNg" name="getCreadentoal" time="0.000"/>
  <system-out>
    <![CDATA[9876543211 naresh@123]]>
  </system-out>
  <testcase classname="testng.DatadrivenConceptofTestNg" name="getCreadentoal" time="0.004"/>
  <system-out>
    <![CDATA[9876543210 naresh#123]]>
  </system-out>
</testsuite> <!-- testng.DatadrivenConceptofTestNg -->
