<?xml version="1.0" encoding="UTF-8"?>
<!-- Generated by org.testng.reporters.JUnitReportReporter -->
<testsuite hostname="LAPTOP-3229N5OU" failures="0" tests="1" name="testng.Sumo" time="0.002" errors="0" timestamp="2022-03-29T09:30:41 IST" skipped="0">
  <testcase classname="testng.Sumo" name="run" time="0.002"/>
  <system-out>
    <![CDATA[This is the Sumo class]]>
  </system-out>
</testsuite> <!-- testng.Sumo -->
