<?xml version="1.0" encoding="UTF-8"?>
<!-- Generated by org.testng.reporters.JUnitReportReporter -->
<testsuite hostname="LAPTOP-3229N5OU" failures="0" tests="3" name="testng.FlagsOfTestNG" time="0.011" errors="0" timestamp="2022-03-29T15:35:06 IST" skipped="0">
  <testcase classname="testng.FlagsOfTestNG" name="run" time="0.009"/>
  <system-out>
    <![CDATA[This is the run classes]]>
  </system-out>
  <testcase classname="testng.FlagsOfTestNG" name="gun" time="0.001"/>
  <system-out>
    <![CDATA[this is Demo class
This is the gun classes]]>
  </system-out>
  <testcase classname="testng.FlagsOfTestNG" name="bun" time="0.001"/>
  <system-out>
    <![CDATA[This is the bun class]]>
  </system-out>
</testsuite> <!-- testng.FlagsOfTestNG -->
