<?xml version="1.0" encoding="UTF-8"?>
<!-- Generated by org.testng.reporters.JUnitReportReporter -->
<testsuite hostname="LAPTOP-3229N5OU" failures="0" tests="2" name="testng.AnnotationMain" time="0.007" errors="0" timestamp="2022-03-29T18:05:27 IST" skipped="0">
  <testcase classname="testng.AnnotationMain" name="run1" time="0.001"/>
  <system-out>
    <![CDATA[create customer test]]>
  </system-out>
  <testcase classname="testng.AnnotationMain" name="ren2" time="0.006"/>
  <system-out>
    <![CDATA[create Project Test]]>
  </system-out>
</testsuite> <!-- testng.AnnotationMain -->
