<?xml version="1.0" encoding="UTF-8"?>
<!-- Generated by org.testng.reporters.JUnitReportReporter -->
<testsuite hostname="LAPTOP-3229N5OU" failures="0" tests="1" name="testng.Demo" time="0.015" errors="0" timestamp="2022-03-29T09:30:41 IST" skipped="0">
  <testcase classname="testng.Demo" name="run" time="0.015"/>
  <system-out>
    <![CDATA[this is Demo class
This is the Demo classes]]>
  </system-out>
</testsuite> <!-- testng.Demo -->
